<?xml version="1.0" encoding="UTF-8"?>
<!-- Generated by org.testng.reporters.JUnitReportReporter -->
<testsuite hostname="FEPC-373-PC" name="org.stories.test.Story829" tests="1" failures="0" timestamp="9 Jun 2016 17:16:27 GMT" time="150.957" errors="0">
  <testcase name="asset_Delete_Test" time="150.957" classname="org.stories.test.Story829"/>
</testsuite> <!-- org.stories.test.Story829 -->
